<?xml version="1.0" encoding="UTF-8" ?>
<testsuite tests="23" failures="0" name="org.springframework.samples.petclinic.service.ClinicServiceJdbcTests" time="0.288" errors="0" skipped="0">
  <properties>
[...]
</properties>
  <testcase classname="org.springframework.samples.petclinic.service.ClinicServiceJdbcTests" name="shouldFindVisitWithCorrectId" time="0.054"/>
  <testcase classname="org.springframework.samples.petclinic.service.ClinicServiceJdbcTests" name="shouldFindVets" time="0.02"/>
  <testcase classname="org.springframework.samples.petclinic.service.ClinicServiceJdbcTests" name="shouldFindOwnersByLastName" time="0.013"/>
  <testcase classname="org.springframework.samples.petclinic.service.ClinicServiceJdbcTests" name="shouldFindVisits" time="0.026"/>
  <testcase classname="org.springframework.samples.petclinic.service.ClinicServiceJdbcTests" name="shouldAddSupply" time="0.039"/>
  <testcase classname="org.springframework.samples.petclinic.service.ClinicServiceJdbcTests" name="shouldFindPet" time="0.002"/>
  <testcase classname="org.springframework.samples.petclinic.service.ClinicServiceJdbcTests" name="shouldDiagnosePet" time="0.009"/>
  <testcase classname="org.springframework.samples.petclinic.service.ClinicServiceJdbcTests" name="shouldFindSupplyWithCorrectId" time="0"/>
  <testcase classname="org.springframework.samples.petclinic.service.ClinicServiceJdbcTests" name="shouldAddNewVisitForPet" time="0.027"/>
  <testcase classname="org.springframework.samples.petclinic.service.ClinicServiceJdbcTests" name="shouldUpdateOwner" time="0.014"/>
  <testcase classname="org.springframework.samples.petclinic.service.ClinicServiceJdbcTests" name="shouldInsertPetIntoDatabaseAndGenerateId" time="0.03"/>
  <testcase classname="org.springframework.samples.petclinic.service.ClinicServiceJdbcTests" name="shouldInsertOwner" time="0.018"/>
  <testcase classname="org.springframework.samples.petclinic.service.ClinicServiceJdbcTests" name="markPaid" time="0.004"/>
  <testcase classname="org.springframework.samples.petclinic.service.ClinicServiceJdbcTests" name="shouldFindSupplies" time="0.003"/>
  <testcase classname="org.springframework.samples.petclinic.service.ClinicServiceJdbcTests" name="shouldFindSingleOwnerWithPet" time="0.003"/>
  <testcase classname="org.springframework.samples.petclinic.service.ClinicServiceJdbcTests" name="shouldEditSupply" time="0.003"/>
  <testcase classname="org.springframework.samples.petclinic.service.ClinicServiceJdbcTests" name="shouldFindPetNull" time="0"/>
  <testcase classname="org.springframework.samples.petclinic.service.ClinicServiceJdbcTests" name="shouldUpdatePetName" time="0.011"/>
  <testcase classname="org.springframework.samples.petclinic.service.ClinicServiceJdbcTests" name="shouldFindAllPetTypes" time="0.002"/>
  <testcase classname="org.springframework.samples.petclinic.service.ClinicServiceJdbcTests" name="OwnerToString" time="0.001"/>
  <testcase classname="org.springframework.samples.petclinic.service.ClinicServiceJdbcTests" name="unassignVet" time="0.003"/>
  <testcase classname="org.springframework.samples.petclinic.service.ClinicServiceJdbcTests" name="billOwner" time="0.001"/>
  <testcase classname="org.springframework.samples.petclinic.service.ClinicServiceJdbcTests" name="shouldFindPetWithCorrectId" time="0.005"/>
</testsuite>